# JRE version: OpenJDK Runtime Environment Corretto-11.0.9.12.1 (11.0.9.1+12) (build 11.0.9.1+12-LTS)
# Java VM: OpenJDK 64-Bit Server VM Corretto-11.0.9.12.1 (11.0.9.1+12-LTS, mixed mode, tiered, compressed oops, g1 gc, windows-amd64)
Heap:
 garbage-first heap   total 262144K, used 35436K [0x00000000c0000000, 0x0000000100000000)
  region size 1024K, 21 young (21504K), 6 survivors (6144K)
 Metaspace       used 36393K, capacity 37042K, committed 37120K, reserved 548864K
  class space    used 4618K, capacity 4818K, committed 4864K, reserved 516096K
GC Heap History (8 events):
Event: 0.464 GC heap before
{Heap before GC invocations=0 (full 0):
 garbage-first heap   total 262144K, used 26624K [0x00000000c0000000, 0x0000000100000000)
  region size 1024K, 24 young (24576K), 0 survivors (0K)
 Metaspace       used 10655K, capacity 10923K, committed 11008K, reserved 526336K
  class space    used 1118K, capacity 1195K, committed 1280K, reserved 516096K
}
Event: 0.468 GC heap after
{Heap after GC invocations=1 (full 0):
 garbage-first heap   total 262144K, used 7804K [0x00000000c0000000, 0x0000000100000000)
  region size 1024K, 3 young (3072K), 3 survivors (3072K)
 Metaspace       used 10655K, capacity 10923K, committed 11008K, reserved 526336K
  class space    used 1118K, capacity 1195K, committed 1280K, reserved 516096K
}
Event: 1.449 GC heap before
{Heap before GC invocations=1 (full 0):
 garbage-first heap   total 262144K, used 81532K [0x00000000c0000000, 0x0000000100000000)
  region size 1024K, 77 young (78848K), 3 survivors (3072K)
 Metaspace       used 20759K, capacity 21207K, committed 21248K, reserved 534528K
  class space    used 2627K, capacity 2807K, committed 2816K, reserved 516096K
}
Event: 1.459 GC heap after
{Heap after GC invocations=2 (full 0):
 garbage-first heap   total 262144K, used 15352K [0x00000000c0000000, 0x0000000100000000)
  region size 1024K, 11 young (11264K), 11 survivors (11264K)
 Metaspace       used 20759K, capacity 21207K, committed 21248K, reserved 534528K
  class space    used 2627K, capacity 2807K, committed 2816K, reserved 516096K
}
Event: 2.151 GC heap before
{Heap before GC invocations=3 (full 0):
 garbage-first heap   total 262144K, used 76792K [0x00000000c0000000, 0x0000000100000000)
  region size 1024K, 69 young (70656K), 11 survivors (11264K)
 Metaspace       used 31795K, capacity 32370K, committed 32640K, reserved 544768K
  class space    used 3926K, capacity 4137K, committed 4224K, reserved 516096K
}
Event: 2.158 GC heap after
{Heap after GC invocations=4 (full 0):
 garbage-first heap   total 262144K, used 20041K [0x00000000c0000000, 0x0000000100000000)
  region size 1024K, 5 young (5120K), 5 survivors (5120K)
 Metaspace       used 31795K, capacity 32370K, committed 32640K, reserved 544768K
  class space    used 3926K, capacity 4137K, committed 4224K, reserved 516096K
}
Event: 2.496 GC heap before
{Heap before GC invocations=4 (full 0):
 garbage-first heap   total 262144K, used 46665K [0x00000000c0000000, 0x0000000100000000)
  region size 1024K, 33 young (33792K), 5 survivors (5120K)
 Metaspace       used 35118K, capacity 35727K, committed 35840K, reserved 548864K
  class space    used 4386K, capacity 4593K, committed 4608K, reserved 516096K
}
Event: 2.504 GC heap after
{Heap after GC invocations=5 (full 0):
 garbage-first heap   total 262144K, used 21100K [0x00000000c0000000, 0x0000000100000000)
  region size 1024K, 6 young (6144K), 6 survivors (6144K)
 Metaspace       used 35118K, capacity 35727K, committed 35840K, reserved 548864K
  class space    used 4386K, capacity 4593K, committed 4608K, reserved 516096K
}

